[22:59:44] [main/INFO]: Found new data pack file/bukkit, loading it automatically
[22:59:44] [main/INFO]: Reloading ResourceManager: Default, bukkit
[22:59:45] [Worker-Main-4/INFO]: Loaded 7 recipes
[22:59:46] [Server thread/INFO]: Starting minecraft server version 1.16.5
[22:59:46] [Server thread/INFO]: Loading properties
[22:59:46] [Server thread/INFO]: This server is running CraftBukkit version 2991-Spigot-018b9a0-f3f3094 (MC: 1.16.5) (Implementing API version 1.16.5-R0.1-SNAPSHOT)
[22:59:47] [Server thread/INFO]: Server Ping Player Sample Count: 12
[22:59:47] [Server thread/INFO]: Using 4 threads for Netty based IO
[22:59:47] [Server thread/INFO]: Debug logging is disabled
[22:59:47] [Server thread/INFO]: Default game type: SURVIVAL
[22:59:47] [Server thread/INFO]: Generating keypair
[22:59:47] [Server thread/INFO]: Starting Minecraft server on *:25565
[22:59:47] [Server thread/INFO]: Using epoll channel type
[22:59:49] [Server thread/INFO]: [LuckPerms] Loading LuckPerms v5.2.92
[22:59:49] [Server thread/INFO]: [WorldEdit] Loading WorldEdit v7.2.2+fc3c499
[22:59:50] [Server thread/INFO]: Got request to register class com.sk89q.worldedit.bukkit.BukkitServerInterface with WorldEdit [com.sk89q.worldedit.extension.platform.PlatformManager@34b7f19d]
[22:59:50] [Server thread/INFO]: [WorldGuard] Loading WorldGuard v7.0.4+f7ff984
[22:59:50] [Server thread/INFO]: [LuckPerms] Enabling LuckPerms v5.2.92
[22:59:50] [Server thread/INFO]: [0;36;1m       [0;36;22m __    [m
[22:59:50] [Server thread/INFO]: [0;36;1m  |    [0;36;22m|__)   [0;32;22mLuckPerms[m [0;36;1mv5.2.92[m
[22:59:50] [Server thread/INFO]: [0;36;1m  |___ [0;36;22m|      [0;30;1mRunning on Bukkit - CraftBukkit[m
[22:59:50] [Server thread/INFO]: [m
[22:59:50] [Server thread/INFO]: [LuckPerms] Loading configuration...
[22:59:50] [Server thread/INFO]: [LuckPerms] Loading storage provider... [YAML]
[22:59:51] [Server thread/INFO]: [LuckPerms] Loading internal permission managers...
[22:59:51] [Server thread/INFO]: [LuckPerms] Performing initial data load...
[22:59:51] [Server thread/INFO]: [LuckPerms] Successfully enabled. (took 1429ms)
[22:59:51] [Server thread/INFO]: [WorldEdit] Enabling WorldEdit v7.2.2+fc3c499
[22:59:51] [Server thread/INFO]: WEPIF: Using the Bukkit Permissions API.
[22:59:51] [Server thread/INFO]: Using com.sk89q.worldedit.bukkit.adapter.impl.Spigot_v1_16_R3 as the Bukkit adapter
[22:59:52] [Server thread/WARN]: [WorldEdit] ====================================================
[22:59:52] [Server thread/WARN]: [WorldEdit]  WorldEdit works better if you use Paper 
[22:59:52] [Server thread/WARN]: [WorldEdit]  as your server software. 
[22:59:52] [Server thread/WARN]: [WorldEdit]   
[22:59:52] [Server thread/WARN]: [WorldEdit]  Paper offers significant performance improvements,
[22:59:52] [Server thread/WARN]: [WorldEdit]  bug fixes, security enhancements and optional
[22:59:52] [Server thread/WARN]: [WorldEdit]  features for server owners to enhance their server.
[22:59:52] [Server thread/WARN]: [WorldEdit]   
[22:59:52] [Server thread/WARN]: [WorldEdit]  Paper includes Timings v2, which is significantly
[22:59:52] [Server thread/WARN]: [WorldEdit]  better at diagnosing lag problems over v1.
[22:59:52] [Server thread/WARN]: [WorldEdit]   
[22:59:52] [Server thread/WARN]: [WorldEdit]  All of your plugins should still work, and the
[22:59:52] [Server thread/WARN]: [WorldEdit]  Paper community will gladly help you fix any issues.
[22:59:52] [Server thread/WARN]: [WorldEdit]   
[22:59:52] [Server thread/WARN]: [WorldEdit]  Join the Paper Community @ https://papermc.io
[22:59:52] [Server thread/WARN]: [WorldEdit] ====================================================
[22:59:52] [Server thread/INFO]: Preparing level "world"
[22:59:52] [Server thread/INFO]: -------- World Settings For [world] --------
[22:59:52] [Server thread/INFO]: Experience Merge Radius: 3.0
[22:59:52] [Server thread/INFO]: Cactus Growth Modifier: 100%
[22:59:52] [Server thread/INFO]: Cane Growth Modifier: 100%
[22:59:52] [Server thread/INFO]: Melon Growth Modifier: 100%
[22:59:52] [Server thread/INFO]: Mushroom Growth Modifier: 100%
[22:59:52] [Server thread/INFO]: Pumpkin Growth Modifier: 100%
[22:59:52] [Server thread/INFO]: Sapling Growth Modifier: 100%
[22:59:52] [Server thread/INFO]: Beetroot Growth Modifier: 100%
[22:59:52] [Server thread/INFO]: Carrot Growth Modifier: 100%
[22:59:52] [Server thread/INFO]: Potato Growth Modifier: 100%
[22:59:52] [Server thread/INFO]: Wheat Growth Modifier: 100%
[22:59:52] [Server thread/INFO]: NetherWart Growth Modifier: 100%
[22:59:52] [Server thread/INFO]: Vine Growth Modifier: 100%
[22:59:52] [Server thread/INFO]: Cocoa Growth Modifier: 100%
[22:59:52] [Server thread/INFO]: Bamboo Growth Modifier: 100%
[22:59:52] [Server thread/INFO]: SweetBerry Growth Modifier: 100%
[22:59:52] [Server thread/INFO]: Kelp Growth Modifier: 100%
[22:59:52] [Server thread/INFO]: Entity Activation Range: An 32 / Mo 32 / Ra 48 / Mi 16 / Tiv true
[22:59:52] [Server thread/INFO]: Hopper Transfer: 8 Hopper Check: 1 Hopper Amount: 1
[22:59:52] [Server thread/INFO]: Custom Map Seeds:  Village: 10387312 Desert: 14357617 Igloo: 14357618 Jungle: 14357619 Swamp: 14357620 Monument: 10387313 Ocean: 14357621 Shipwreck: 165745295 End City: 10387313 Slime: 987234911 Bastion: 30084232 Fortress: 30084232 Mansion: 10387319 Fossil: 14357921 Portal: 34222645
[22:59:52] [Server thread/INFO]: Max TNT Explosions: 100
[22:59:52] [Server thread/INFO]: Tile Max Tick Time: 50ms Entity max Tick Time: 50ms
[22:59:52] [Server thread/INFO]: Mob Spawn Range: 6
[22:59:52] [Server thread/INFO]: Entity Tracking Range: Pl 48 / An 48 / Mo 48 / Mi 32 / Other 64
[22:59:52] [Server thread/INFO]: Allow Zombie Pigmen to spawn from portal blocks: true
[22:59:52] [Server thread/INFO]: Item Merge Radius: 2.5
[22:59:52] [Server thread/INFO]: Item Despawn Rate: 6000
[22:59:52] [Server thread/INFO]: View Distance: 10
[22:59:52] [Server thread/INFO]: Arrow Despawn Rate: 1200 Trident Respawn Rate:1200
[22:59:52] [Server thread/INFO]: Zombie Aggressive Towards Villager: true
[22:59:52] [Server thread/INFO]: Nerfing mobs spawned from spawners: false
[22:59:53] [Server thread/WARN]: Unable to find spawn biome
[22:59:57] [Server thread/INFO]: Registering commands with com.sk89q.worldedit.bukkit.BukkitServerInterface
[22:59:57] [Server thread/INFO]: -------- World Settings For [world_nether] --------
[22:59:57] [Server thread/INFO]: Experience Merge Radius: 3.0
[22:59:57] [Server thread/INFO]: Cactus Growth Modifier: 100%
[22:59:57] [Server thread/INFO]: Cane Growth Modifier: 100%
[22:59:58] [Server thread/INFO]: Melon Growth Modifier: 100%
[22:59:58] [Server thread/INFO]: Mushroom Growth Modifier: 100%
[22:59:58] [Server thread/INFO]: Pumpkin Growth Modifier: 100%
[22:59:58] [Server thread/INFO]: Sapling Growth Modifier: 100%
[22:59:58] [Server thread/INFO]: Beetroot Growth Modifier: 100%
[22:59:58] [Server thread/INFO]: Carrot Growth Modifier: 100%
[22:59:58] [Server thread/INFO]: Potato Growth Modifier: 100%
[22:59:58] [Server thread/INFO]: Wheat Growth Modifier: 100%
[22:59:58] [Server thread/INFO]: NetherWart Growth Modifier: 100%
[22:59:58] [Server thread/INFO]: Vine Growth Modifier: 100%
[22:59:58] [Server thread/INFO]: Cocoa Growth Modifier: 100%
[22:59:58] [Server thread/INFO]: Bamboo Growth Modifier: 100%
[22:59:58] [Server thread/INFO]: SweetBerry Growth Modifier: 100%
[22:59:58] [Server thread/INFO]: Kelp Growth Modifier: 100%
[22:59:58] [Server thread/INFO]: Entity Activation Range: An 32 / Mo 32 / Ra 48 / Mi 16 / Tiv true
[22:59:58] [Server thread/INFO]: Hopper Transfer: 8 Hopper Check: 1 Hopper Amount: 1
[22:59:58] [Server thread/INFO]: Custom Map Seeds:  Village: 10387312 Desert: 14357617 Igloo: 14357618 Jungle: 14357619 Swamp: 14357620 Monument: 10387313 Ocean: 14357621 Shipwreck: 165745295 End City: 10387313 Slime: 987234911 Bastion: 30084232 Fortress: 30084232 Mansion: 10387319 Fossil: 14357921 Portal: 34222645
[22:59:58] [Server thread/INFO]: Max TNT Explosions: 100
[22:59:58] [Server thread/INFO]: Tile Max Tick Time: 50ms Entity max Tick Time: 50ms
[22:59:58] [Server thread/INFO]: Mob Spawn Range: 6
[22:59:58] [Server thread/INFO]: Entity Tracking Range: Pl 48 / An 48 / Mo 48 / Mi 32 / Other 64
[22:59:58] [Server thread/INFO]: Allow Zombie Pigmen to spawn from portal blocks: true
[22:59:58] [Server thread/INFO]: Item Merge Radius: 2.5
[22:59:58] [Server thread/INFO]: Item Despawn Rate: 6000
[22:59:58] [Server thread/INFO]: View Distance: 10
[22:59:58] [Server thread/INFO]: Arrow Despawn Rate: 1200 Trident Respawn Rate:1200
[22:59:58] [Server thread/INFO]: Zombie Aggressive Towards Villager: true
[22:59:58] [Server thread/INFO]: Nerfing mobs spawned from spawners: false
[22:59:58] [Server thread/WARN]: Unable to find spawn biome
[22:59:58] [Server thread/INFO]: -------- World Settings For [world_the_end] --------
[22:59:58] [Server thread/INFO]: Experience Merge Radius: 3.0
[22:59:58] [Server thread/INFO]: Cactus Growth Modifier: 100%
[22:59:58] [Server thread/INFO]: Cane Growth Modifier: 100%
[22:59:58] [Server thread/INFO]: Melon Growth Modifier: 100%
[22:59:58] [Server thread/INFO]: Mushroom Growth Modifier: 100%
[22:59:58] [Server thread/INFO]: Pumpkin Growth Modifier: 100%
[22:59:58] [Server thread/INFO]: Sapling Growth Modifier: 100%
[22:59:58] [Server thread/INFO]: Beetroot Growth Modifier: 100%
[22:59:58] [Server thread/INFO]: Carrot Growth Modifier: 100%
[22:59:58] [Server thread/INFO]: Potato Growth Modifier: 100%
[22:59:58] [Server thread/INFO]: Wheat Growth Modifier: 100%
[22:59:58] [Server thread/INFO]: NetherWart Growth Modifier: 100%
[22:59:58] [Server thread/INFO]: Vine Growth Modifier: 100%
[22:59:58] [Server thread/INFO]: Cocoa Growth Modifier: 100%
[22:59:58] [Server thread/INFO]: Bamboo Growth Modifier: 100%
[22:59:58] [Server thread/INFO]: SweetBerry Growth Modifier: 100%
[22:59:58] [Server thread/INFO]: Kelp Growth Modifier: 100%
[22:59:58] [Server thread/INFO]: Entity Activation Range: An 32 / Mo 32 / Ra 48 / Mi 16 / Tiv true
[22:59:58] [Server thread/INFO]: Hopper Transfer: 8 Hopper Check: 1 Hopper Amount: 1
[22:59:58] [Server thread/INFO]: Custom Map Seeds:  Village: 10387312 Desert: 14357617 Igloo: 14357618 Jungle: 14357619 Swamp: 14357620 Monument: 10387313 Ocean: 14357621 Shipwreck: 165745295 End City: 10387313 Slime: 987234911 Bastion: 30084232 Fortress: 30084232 Mansion: 10387319 Fossil: 14357921 Portal: 34222645
[22:59:58] [Server thread/INFO]: Max TNT Explosions: 100
[22:59:58] [Server thread/INFO]: Tile Max Tick Time: 50ms Entity max Tick Time: 50ms
[22:59:58] [Server thread/INFO]: Mob Spawn Range: 6
[22:59:58] [Server thread/INFO]: Entity Tracking Range: Pl 48 / An 48 / Mo 48 / Mi 32 / Other 64
[22:59:58] [Server thread/INFO]: Allow Zombie Pigmen to spawn from portal blocks: true
[22:59:58] [Server thread/INFO]: Item Merge Radius: 2.5
[22:59:58] [Server thread/INFO]: Item Despawn Rate: 6000
[22:59:58] [Server thread/INFO]: View Distance: 10
[22:59:58] [Server thread/INFO]: Arrow Despawn Rate: 1200 Trident Respawn Rate:1200
[22:59:58] [Server thread/INFO]: Zombie Aggressive Towards Villager: true
[22:59:58] [Server thread/INFO]: Nerfing mobs spawned from spawners: false
[22:59:58] [Server thread/WARN]: Unable to find spawn biome
[22:59:58] [Server thread/INFO]: Preparing start region for dimension minecraft:overworld
[22:59:58] [Worker-Main-6/INFO]: Preparing spawn area: 0%
[22:59:59] [Worker-Main-6/INFO]: Preparing spawn area: 0%
[22:59:59] [Worker-Main-6/INFO]: Preparing spawn area: 1%
[23:00:00] [Worker-Main-6/INFO]: Preparing spawn area: 3%
[23:00:01] [Worker-Main-6/INFO]: Preparing spawn area: 3%
[23:00:01] [Worker-Main-7/INFO]: Preparing spawn area: 4%
[23:00:01] [Worker-Main-8/INFO]: Preparing spawn area: 8%
[23:00:02] [Worker-Main-7/INFO]: Preparing spawn area: 11%
[23:00:02] [Worker-Main-8/INFO]: Preparing spawn area: 15%
[23:00:03] [Worker-Main-7/INFO]: Preparing spawn area: 19%
[23:00:03] [Worker-Main-8/INFO]: Preparing spawn area: 19%
[23:00:04] [Worker-Main-6/INFO]: Preparing spawn area: 32%
[23:00:04] [Worker-Main-7/INFO]: Preparing spawn area: 32%
[23:00:05] [Worker-Main-6/INFO]: Preparing spawn area: 32%
[23:00:05] [Worker-Main-6/INFO]: Preparing spawn area: 44%
[23:00:06] [Worker-Main-6/INFO]: Preparing spawn area: 44%
[23:00:06] [Worker-Main-8/INFO]: Preparing spawn area: 44%
[23:00:07] [Worker-Main-8/INFO]: Preparing spawn area: 55%
[23:00:07] [Worker-Main-8/INFO]: Preparing spawn area: 55%
[23:00:08] [Worker-Main-7/INFO]: Preparing spawn area: 68%
[23:00:09] [Worker-Main-6/INFO]: Preparing spawn area: 72%
[23:00:09] [Worker-Main-7/INFO]: Preparing spawn area: 76%
[23:00:10] [Worker-Main-8/INFO]: Preparing spawn area: 83%
[23:00:10] [Worker-Main-8/INFO]: Preparing spawn area: 83%
[23:00:10] [Worker-Main-8/INFO]: Preparing spawn area: 83%
[23:00:10] [Server thread/INFO]: Time elapsed: 12110 ms
[23:00:10] [Server thread/INFO]: Preparing start region for dimension minecraft:the_nether
[23:00:10] [Worker-Main-6/INFO]: Preparing spawn area: 0%
[23:00:11] [Worker-Main-8/INFO]: Preparing spawn area: 3%
[23:00:11] [Worker-Main-6/INFO]: Preparing spawn area: 8%
[23:00:12] [Worker-Main-7/INFO]: Preparing spawn area: 15%
[23:00:12] [Worker-Main-6/INFO]: Preparing spawn area: 19%
[23:00:13] [Worker-Main-6/INFO]: Preparing spawn area: 29%
[23:00:13] [Worker-Main-8/INFO]: Preparing spawn area: 35%
[23:00:14] [Worker-Main-6/INFO]: Preparing spawn area: 47%
[23:00:14] [Worker-Main-8/INFO]: Preparing spawn area: 57%
[23:00:15] [Worker-Main-8/INFO]: Preparing spawn area: 68%
[23:00:15] [Worker-Main-6/INFO]: Preparing spawn area: 79%
[23:00:16] [Worker-Main-7/INFO]: Preparing spawn area: 87%
[23:00:16] [Worker-Main-8/INFO]: Preparing spawn area: 90%
[23:00:17] [Server thread/INFO]: Time elapsed: 6160 ms
[23:00:17] [Server thread/INFO]: Preparing start region for dimension minecraft:the_end
[23:00:17] [Worker-Main-8/INFO]: Preparing spawn area: 0%
[23:00:17] [Worker-Main-7/INFO]: Preparing spawn area: 17%
[23:00:18] [Worker-Main-7/INFO]: Preparing spawn area: 63%
[23:00:18] [Server thread/INFO]: Time elapsed: 1426 ms
[23:00:18] [Server thread/INFO]: [WorldGuard] Enabling WorldGuard v7.0.4+f7ff984
[23:00:18] [Server thread/INFO]: [WorldGuard] (world) TNT ignition is PERMITTED.
[23:00:18] [Server thread/INFO]: [WorldGuard] (world) Lighters are PERMITTED.
[23:00:18] [Server thread/INFO]: [WorldGuard] (world) Lava fire is PERMITTED.
[23:00:18] [Server thread/INFO]: [WorldGuard] (world) Fire spread is UNRESTRICTED.
[23:00:18] [Server thread/INFO]: [WorldGuard] Loaded configuration for world 'world'
[23:00:18] [Server thread/INFO]: [WorldGuard] (world_nether) TNT ignition is PERMITTED.
[23:00:18] [Server thread/INFO]: [WorldGuard] (world_nether) Lighters are PERMITTED.
[23:00:18] [Server thread/INFO]: [WorldGuard] (world_nether) Lava fire is PERMITTED.
[23:00:18] [Server thread/INFO]: [WorldGuard] (world_nether) Fire spread is UNRESTRICTED.
[23:00:18] [Server thread/INFO]: [WorldGuard] Loaded configuration for world 'world_nether'
[23:00:18] [Server thread/INFO]: [WorldGuard] (world_the_end) TNT ignition is PERMITTED.
[23:00:18] [Server thread/INFO]: [WorldGuard] (world_the_end) Lighters are PERMITTED.
[23:00:18] [Server thread/INFO]: [WorldGuard] (world_the_end) Lava fire is PERMITTED.
[23:00:18] [Server thread/INFO]: [WorldGuard] (world_the_end) Fire spread is UNRESTRICTED.
[23:00:18] [Server thread/INFO]: [WorldGuard] Loaded configuration for world 'world_the_end'
[23:00:18] [Server thread/INFO]: [WorldGuard] Loading region data...
[23:00:18] [Server thread/INFO]: Server permissions file permissions.yml is empty, ignoring it
[23:00:18] [Server thread/INFO]: Done (25.975s)! For help, type "help"
[23:00:18] [Server thread/INFO]: Starting remote control listener
[23:00:18] [Server thread/INFO]: Thread RCON Listener started
[23:00:18] [Server thread/INFO]: RCON running on 0.0.0.0:25575
[23:01:37] [User Authenticator #1/INFO]: UUID of player tanyaodora12 is 9c73ef30-92ce-49a8-bfff-89ae67d0649c
[23:01:37] [Server thread/INFO]: tanyaodora12[/192.168.1.199:2123] logged in with entity id 316 at ([world]6.5, 66.0, 30.5)
[23:01:54] [Server thread/INFO]: tanyaodora12 issued server command: //help
[23:01:58] [Server thread/INFO]: tanyaodora12 issued server command: /help
[23:02:15] [Server thread/INFO]: tanyaodora12 issued server command: /op @p
[23:02:21] [Server thread/INFO]: tanyaodora12 issued server command: /gamemode creative
[23:02:21] [Server thread/INFO]: [tanyaodora12: Set own game mode to Creative Mode]
[23:03:42] [Server thread/INFO]: tanyaodora12 lost connection: Disconnected
[23:03:42] [Server thread/INFO]: tanyaodora12 left the game
[23:04:02] [Server thread/INFO]: Stopping the server
[23:04:02] [Server thread/INFO]: Stopping server
[23:04:02] [Server thread/INFO]: [WorldGuard] Disabling WorldGuard v7.0.4+f7ff984
[23:04:02] [Server thread/INFO]: [WorldGuard] Shutting down executor and cancelling any pending tasks...
[23:04:02] [Server thread/INFO]: [WorldEdit] Disabling WorldEdit v7.2.2+fc3c499
[23:04:02] [Server thread/INFO]: Unregistering com.sk89q.worldedit.bukkit.BukkitServerInterface from WorldEdit
[23:04:02] [Server thread/INFO]: [LuckPerms] Disabling LuckPerms v5.2.92
[23:04:02] [Server thread/INFO]: [LuckPerms] Starting shutdown process...
[23:04:02] [Server thread/INFO]: [LuckPerms] Closing storage...
[23:04:02] [Server thread/INFO]: [LuckPerms] Goodbye!
[23:04:02] [Server thread/INFO]: Saving players
[23:04:03] [Server thread/INFO]: Saving worlds
[23:04:03] [Server thread/INFO]: Saving chunks for level 'ServerLevel[world]'/minecraft:overworld
[23:04:09] [Server thread/INFO]: ThreadedAnvilChunkStorage (world): All chunks are saved
[23:04:09] [Server thread/INFO]: Saving chunks for level 'ServerLevel[world_nether]'/minecraft:the_nether
[23:04:11] [Server thread/INFO]: ThreadedAnvilChunkStorage (DIM-1): All chunks are saved
[23:04:11] [Server thread/INFO]: Saving chunks for level 'ServerLevel[world_the_end]'/minecraft:the_end
[23:04:14] [Server thread/INFO]: ThreadedAnvilChunkStorage (DIM1): All chunks are saved
[23:04:14] [Server thread/INFO]: ThreadedAnvilChunkStorage (world): All chunks are saved
[23:04:14] [Server thread/INFO]: ThreadedAnvilChunkStorage (DIM-1): All chunks are saved
[23:04:14] [Server thread/INFO]: ThreadedAnvilChunkStorage (DIM1): All chunks are saved
[23:04:14] [Server thread/INFO]: Thread RCON Listener stopped
