[00:39:55] [main/INFO]: Environment: authHost='https://authserver.mojang.com', accountsHost='https://api.mojang.com', sessionHost='https://sessionserver.mojang.com', servicesHost='https://api.minecraftservices.com', name='PROD'
[00:39:55] [main/INFO]: Reloading ResourceManager: Default, bukkit
[00:39:56] [Worker-Main-4/INFO]: Loaded 7 recipes
[00:39:57] [Server thread/INFO]: Starting minecraft server version 1.16.5
[00:39:57] [Server thread/INFO]: Loading properties
[00:39:57] [Server thread/INFO]: This server is running CraftBukkit version 2991-Spigot-018b9a0-f3f3094 (MC: 1.16.5) (Implementing API version 1.16.5-R0.1-SNAPSHOT)
[00:39:57] [Server thread/INFO]: Server Ping Player Sample Count: 12
[00:39:57] [Server thread/INFO]: Using 4 threads for Netty based IO
[00:39:57] [Server thread/INFO]: Debug logging is disabled
[00:39:57] [Server thread/INFO]: Default game type: SURVIVAL
[00:39:57] [Server thread/INFO]: Generating keypair
[00:39:58] [Server thread/INFO]: Starting Minecraft server on *:25565
[00:39:58] [Server thread/INFO]: Using epoll channel type
[00:39:59] [Server thread/INFO]: [LuckPerms] Loading LuckPerms v5.2.92
[00:39:59] [Server thread/INFO]: [WorldEdit] Loading WorldEdit v7.2.2+fc3c499
[00:40:00] [Server thread/INFO]: Got request to register class com.sk89q.worldedit.bukkit.BukkitServerInterface with WorldEdit [com.sk89q.worldedit.extension.platform.PlatformManager@4f71754c]
[00:40:00] [Server thread/INFO]: [WorldGuard] Loading WorldGuard v7.0.4+f7ff984
[00:40:00] [Server thread/INFO]: [LuckPerms] Enabling LuckPerms v5.2.92
[00:40:01] [Server thread/INFO]: [0;36;1m       [0;36;22m __    [m
[00:40:01] [Server thread/INFO]: [0;36;1m  |    [0;36;22m|__)   [0;32;22mLuckPerms[m [0;36;1mv5.2.92[m
[00:40:01] [Server thread/INFO]: [0;36;1m  |___ [0;36;22m|      [0;30;1mRunning on Bukkit - CraftBukkit[m
[00:40:01] [Server thread/INFO]: [m
[00:40:01] [Server thread/INFO]: [LuckPerms] Loading configuration...
[00:40:01] [Server thread/INFO]: [LuckPerms] Loading storage provider... [YAML]
[00:40:01] [Server thread/INFO]: [LuckPerms] Loading internal permission managers...
[00:40:02] [Server thread/INFO]: [LuckPerms] Performing initial data load...
[00:40:02] [Server thread/INFO]: [LuckPerms] Successfully enabled. (took 1618ms)
[00:40:02] [Server thread/INFO]: [WorldEdit] Enabling WorldEdit v7.2.2+fc3c499
[00:40:02] [Server thread/INFO]: WEPIF: Using the Bukkit Permissions API.
[00:40:02] [Server thread/INFO]: Using com.sk89q.worldedit.bukkit.adapter.impl.Spigot_v1_16_R3 as the Bukkit adapter
[00:40:03] [Server thread/WARN]: [WorldEdit] ====================================================
[00:40:03] [Server thread/WARN]: [WorldEdit]  WorldEdit works better if you use Paper 
[00:40:03] [Server thread/WARN]: [WorldEdit]  as your server software. 
[00:40:03] [Server thread/WARN]: [WorldEdit]   
[00:40:03] [Server thread/WARN]: [WorldEdit]  Paper offers significant performance improvements,
[00:40:03] [Server thread/WARN]: [WorldEdit]  bug fixes, security enhancements and optional
[00:40:03] [Server thread/WARN]: [WorldEdit]  features for server owners to enhance their server.
[00:40:03] [Server thread/WARN]: [WorldEdit]   
[00:40:03] [Server thread/WARN]: [WorldEdit]  Paper includes Timings v2, which is significantly
[00:40:03] [Server thread/WARN]: [WorldEdit]  better at diagnosing lag problems over v1.
[00:40:03] [Server thread/WARN]: [WorldEdit]   
[00:40:03] [Server thread/WARN]: [WorldEdit]  All of your plugins should still work, and the
[00:40:03] [Server thread/WARN]: [WorldEdit]  Paper community will gladly help you fix any issues.
[00:40:03] [Server thread/WARN]: [WorldEdit]   
[00:40:03] [Server thread/WARN]: [WorldEdit]  Join the Paper Community @ https://papermc.io
[00:40:03] [Server thread/WARN]: [WorldEdit] ====================================================
[00:40:03] [Server thread/INFO]: Preparing level "world"
[00:40:03] [Server thread/INFO]: -------- World Settings For [world] --------
[00:40:03] [Server thread/INFO]: Experience Merge Radius: 3.0
[00:40:03] [Server thread/INFO]: Cactus Growth Modifier: 100%
[00:40:03] [Server thread/INFO]: Cane Growth Modifier: 100%
[00:40:03] [Server thread/INFO]: Melon Growth Modifier: 100%
[00:40:03] [Server thread/INFO]: Mushroom Growth Modifier: 100%
[00:40:03] [Server thread/INFO]: Pumpkin Growth Modifier: 100%
[00:40:03] [Server thread/INFO]: Sapling Growth Modifier: 100%
[00:40:03] [Server thread/INFO]: Beetroot Growth Modifier: 100%
[00:40:03] [Server thread/INFO]: Carrot Growth Modifier: 100%
[00:40:03] [Server thread/INFO]: Potato Growth Modifier: 100%
[00:40:03] [Server thread/INFO]: Wheat Growth Modifier: 100%
[00:40:03] [Server thread/INFO]: NetherWart Growth Modifier: 100%
[00:40:03] [Server thread/INFO]: Vine Growth Modifier: 100%
[00:40:03] [Server thread/INFO]: Cocoa Growth Modifier: 100%
[00:40:03] [Server thread/INFO]: Bamboo Growth Modifier: 100%
[00:40:03] [Server thread/INFO]: SweetBerry Growth Modifier: 100%
[00:40:03] [Server thread/INFO]: Kelp Growth Modifier: 100%
[00:40:03] [Server thread/INFO]: Entity Activation Range: An 32 / Mo 32 / Ra 48 / Mi 16 / Tiv true
[00:40:03] [Server thread/INFO]: Hopper Transfer: 8 Hopper Check: 1 Hopper Amount: 1
[00:40:03] [Server thread/INFO]: Custom Map Seeds:  Village: 10387312 Desert: 14357617 Igloo: 14357618 Jungle: 14357619 Swamp: 14357620 Monument: 10387313 Ocean: 14357621 Shipwreck: 165745295 End City: 10387313 Slime: 987234911 Bastion: 30084232 Fortress: 30084232 Mansion: 10387319 Fossil: 14357921 Portal: 34222645
[00:40:03] [Server thread/INFO]: Max TNT Explosions: 100
[00:40:03] [Server thread/INFO]: Tile Max Tick Time: 50ms Entity max Tick Time: 50ms
[00:40:03] [Server thread/INFO]: Mob Spawn Range: 6
[00:40:03] [Server thread/INFO]: Entity Tracking Range: Pl 48 / An 48 / Mo 48 / Mi 32 / Other 64
[00:40:03] [Server thread/INFO]: Allow Zombie Pigmen to spawn from portal blocks: true
[00:40:03] [Server thread/INFO]: Item Merge Radius: 2.5
[00:40:03] [Server thread/INFO]: View Distance: 10
[00:40:03] [Server thread/INFO]: Item Despawn Rate: 6000
[00:40:03] [Server thread/INFO]: Arrow Despawn Rate: 1200 Trident Respawn Rate:1200
[00:40:03] [Server thread/INFO]: Zombie Aggressive Towards Villager: true
[00:40:03] [Server thread/INFO]: Nerfing mobs spawned from spawners: false
[00:40:04] [Server thread/INFO]: Registering commands with com.sk89q.worldedit.bukkit.BukkitServerInterface
[00:40:04] [Server thread/INFO]: -------- World Settings For [world_nether] --------
[00:40:04] [Server thread/INFO]: Experience Merge Radius: 3.0
[00:40:04] [Server thread/INFO]: Cactus Growth Modifier: 100%
[00:40:04] [Server thread/INFO]: Cane Growth Modifier: 100%
[00:40:04] [Server thread/INFO]: Melon Growth Modifier: 100%
[00:40:04] [Server thread/INFO]: Mushroom Growth Modifier: 100%
[00:40:04] [Server thread/INFO]: Pumpkin Growth Modifier: 100%
[00:40:04] [Server thread/INFO]: Sapling Growth Modifier: 100%
[00:40:04] [Server thread/INFO]: Beetroot Growth Modifier: 100%
[00:40:04] [Server thread/INFO]: Carrot Growth Modifier: 100%
[00:40:04] [Server thread/INFO]: Potato Growth Modifier: 100%
[00:40:04] [Server thread/INFO]: Wheat Growth Modifier: 100%
[00:40:04] [Server thread/INFO]: NetherWart Growth Modifier: 100%
[00:40:04] [Server thread/INFO]: Vine Growth Modifier: 100%
[00:40:04] [Server thread/INFO]: Cocoa Growth Modifier: 100%
[00:40:04] [Server thread/INFO]: Bamboo Growth Modifier: 100%
[00:40:04] [Server thread/INFO]: SweetBerry Growth Modifier: 100%
[00:40:04] [Server thread/INFO]: Kelp Growth Modifier: 100%
[00:40:04] [Server thread/INFO]: Entity Activation Range: An 32 / Mo 32 / Ra 48 / Mi 16 / Tiv true
[00:40:04] [Server thread/INFO]: Hopper Transfer: 8 Hopper Check: 1 Hopper Amount: 1
[00:40:04] [Server thread/INFO]: Custom Map Seeds:  Village: 10387312 Desert: 14357617 Igloo: 14357618 Jungle: 14357619 Swamp: 14357620 Monument: 10387313 Ocean: 14357621 Shipwreck: 165745295 End City: 10387313 Slime: 987234911 Bastion: 30084232 Fortress: 30084232 Mansion: 10387319 Fossil: 14357921 Portal: 34222645
[00:40:04] [Server thread/INFO]: Max TNT Explosions: 100
[00:40:04] [Server thread/INFO]: Tile Max Tick Time: 50ms Entity max Tick Time: 50ms
[00:40:04] [Server thread/INFO]: Mob Spawn Range: 6
[00:40:04] [Server thread/INFO]: Entity Tracking Range: Pl 48 / An 48 / Mo 48 / Mi 32 / Other 64
[00:40:04] [Server thread/INFO]: Allow Zombie Pigmen to spawn from portal blocks: true
[00:40:04] [Server thread/INFO]: Item Merge Radius: 2.5
[00:40:04] [Server thread/INFO]: View Distance: 10
[00:40:04] [Server thread/INFO]: Item Despawn Rate: 6000
[00:40:04] [Server thread/INFO]: Arrow Despawn Rate: 1200 Trident Respawn Rate:1200
[00:40:04] [Server thread/INFO]: Zombie Aggressive Towards Villager: true
[00:40:04] [Server thread/INFO]: Nerfing mobs spawned from spawners: false
[00:40:04] [Server thread/INFO]: -------- World Settings For [world_the_end] --------
[00:40:04] [Server thread/INFO]: Experience Merge Radius: 3.0
[00:40:04] [Server thread/INFO]: Cactus Growth Modifier: 100%
[00:40:04] [Server thread/INFO]: Cane Growth Modifier: 100%
[00:40:04] [Server thread/INFO]: Melon Growth Modifier: 100%
[00:40:04] [Server thread/INFO]: Mushroom Growth Modifier: 100%
[00:40:04] [Server thread/INFO]: Pumpkin Growth Modifier: 100%
[00:40:04] [Server thread/INFO]: Sapling Growth Modifier: 100%
[00:40:04] [Server thread/INFO]: Beetroot Growth Modifier: 100%
[00:40:04] [Server thread/INFO]: Carrot Growth Modifier: 100%
[00:40:04] [Server thread/INFO]: Potato Growth Modifier: 100%
[00:40:04] [Server thread/INFO]: Wheat Growth Modifier: 100%
[00:40:04] [Server thread/INFO]: NetherWart Growth Modifier: 100%
[00:40:04] [Server thread/INFO]: Vine Growth Modifier: 100%
[00:40:04] [Server thread/INFO]: Cocoa Growth Modifier: 100%
[00:40:04] [Server thread/INFO]: Bamboo Growth Modifier: 100%
[00:40:04] [Server thread/INFO]: SweetBerry Growth Modifier: 100%
[00:40:04] [Server thread/INFO]: Kelp Growth Modifier: 100%
[00:40:04] [Server thread/INFO]: Entity Activation Range: An 32 / Mo 32 / Ra 48 / Mi 16 / Tiv true
[00:40:04] [Server thread/INFO]: Hopper Transfer: 8 Hopper Check: 1 Hopper Amount: 1
[00:40:04] [Server thread/INFO]: Custom Map Seeds:  Village: 10387312 Desert: 14357617 Igloo: 14357618 Jungle: 14357619 Swamp: 14357620 Monument: 10387313 Ocean: 14357621 Shipwreck: 165745295 End City: 10387313 Slime: 987234911 Bastion: 30084232 Fortress: 30084232 Mansion: 10387319 Fossil: 14357921 Portal: 34222645
[00:40:04] [Server thread/INFO]: Max TNT Explosions: 100
[00:40:04] [Server thread/INFO]: Tile Max Tick Time: 50ms Entity max Tick Time: 50ms
[00:40:04] [Server thread/INFO]: Mob Spawn Range: 6
[00:40:04] [Server thread/INFO]: Entity Tracking Range: Pl 48 / An 48 / Mo 48 / Mi 32 / Other 64
[00:40:04] [Server thread/INFO]: Allow Zombie Pigmen to spawn from portal blocks: true
[00:40:04] [Server thread/INFO]: Item Merge Radius: 2.5
[00:40:04] [Server thread/INFO]: View Distance: 10
[00:40:04] [Server thread/INFO]: Item Despawn Rate: 6000
[00:40:04] [Server thread/INFO]: Arrow Despawn Rate: 1200 Trident Respawn Rate:1200
[00:40:04] [Server thread/INFO]: Zombie Aggressive Towards Villager: true
[00:40:04] [Server thread/INFO]: Nerfing mobs spawned from spawners: false
[00:40:04] [Server thread/INFO]: Preparing start region for dimension minecraft:overworld
[00:40:05] [Server thread/INFO]: Preparing spawn area: 0%
[00:40:05] [Server thread/INFO]: Preparing spawn area: 0%
[00:40:05] [Server thread/INFO]: Preparing spawn area: 0%
[00:40:06] [Server thread/INFO]: Preparing spawn area: 0%
[00:40:07] [Server thread/INFO]: Time elapsed: 2606 ms
[00:40:07] [Server thread/INFO]: Preparing start region for dimension minecraft:the_nether
[00:40:07] [Server thread/INFO]: Preparing spawn area: 0%
[00:40:07] [Server thread/INFO]: Preparing spawn area: 0%
[00:40:07] [Server thread/INFO]: Time elapsed: 844 ms
[00:40:07] [Server thread/INFO]: Preparing start region for dimension minecraft:the_end
[00:40:08] [Server thread/INFO]: Preparing spawn area: 0%
[00:40:08] [Worker-Main-7/INFO]: Preparing spawn area: 83%
[00:40:08] [Worker-Main-5/INFO]: Preparing spawn area: 83%
[00:40:09] [Server thread/INFO]: Time elapsed: 1467 ms
[00:40:09] [Server thread/INFO]: [WorldGuard] Enabling WorldGuard v7.0.4+f7ff984
[00:40:09] [Server thread/INFO]: [WorldGuard] (world) TNT ignition is PERMITTED.
[00:40:09] [Server thread/INFO]: [WorldGuard] (world) Lighters are PERMITTED.
[00:40:09] [Server thread/INFO]: [WorldGuard] (world) Lava fire is PERMITTED.
[00:40:09] [Server thread/INFO]: [WorldGuard] (world) Fire spread is UNRESTRICTED.
[00:40:09] [Server thread/INFO]: [WorldGuard] Loaded configuration for world 'world'
[00:40:09] [Server thread/INFO]: [WorldGuard] (world_nether) TNT ignition is PERMITTED.
[00:40:09] [Server thread/INFO]: [WorldGuard] (world_nether) Lighters are PERMITTED.
[00:40:09] [Server thread/INFO]: [WorldGuard] (world_nether) Lava fire is PERMITTED.
[00:40:09] [Server thread/INFO]: [WorldGuard] (world_nether) Fire spread is UNRESTRICTED.
[00:40:09] [Server thread/INFO]: [WorldGuard] Loaded configuration for world 'world_nether'
[00:40:09] [Server thread/INFO]: [WorldGuard] (world_the_end) TNT ignition is PERMITTED.
[00:40:09] [Server thread/INFO]: [WorldGuard] (world_the_end) Lighters are PERMITTED.
[00:40:09] [Server thread/INFO]: [WorldGuard] (world_the_end) Lava fire is PERMITTED.
[00:40:09] [Server thread/INFO]: [WorldGuard] (world_the_end) Fire spread is UNRESTRICTED.
[00:40:09] [Server thread/INFO]: [WorldGuard] Loaded configuration for world 'world_the_end'
[00:40:09] [Server thread/INFO]: [WorldGuard] Loading region data...
[00:40:09] [Server thread/INFO]: Server permissions file permissions.yml is empty, ignoring it
[00:40:10] [Server thread/INFO]: Done (6.261s)! For help, type "help"
[00:40:10] [Server thread/INFO]: Starting remote control listener
[00:40:10] [Server thread/INFO]: Thread RCON Listener started
[00:40:10] [Server thread/INFO]: RCON running on 0.0.0.0:25575
[00:40:16] [User Authenticator #1/INFO]: UUID of player tanyaodora12 is 9c73ef30-92ce-49a8-bfff-89ae67d0649c
[00:40:18] [Server thread/INFO]: tanyaodora12[/192.168.1.199:4029] logged in with entity id 20625 at ([world]-192.056692546643, 124.17051913168528, -393.7458131206229)
[00:40:18] [Server thread/WARN]: Can't keep up! Is the server overloaded? Running 5107ms or 102 ticks behind
[00:40:32] [Server thread/INFO]: Stopping the server
[00:40:32] [Server thread/INFO]: Stopping server
[00:40:32] [Server thread/INFO]: [WorldGuard] Disabling WorldGuard v7.0.4+f7ff984
[00:40:32] [Server thread/INFO]: [WorldGuard] Shutting down executor and cancelling any pending tasks...
[00:40:32] [Server thread/INFO]: [WorldEdit] Disabling WorldEdit v7.2.2+fc3c499
[00:40:32] [Server thread/INFO]: Unregistering com.sk89q.worldedit.bukkit.BukkitServerInterface from WorldEdit
[00:40:32] [Server thread/INFO]: [LuckPerms] Disabling LuckPerms v5.2.92
[00:40:32] [Server thread/INFO]: [LuckPerms] Starting shutdown process...
[00:40:32] [Server thread/INFO]: [LuckPerms] Closing storage...
[00:40:32] [Server thread/INFO]: [LuckPerms] Goodbye!
[00:40:32] [Server thread/INFO]: Saving players
[00:40:32] [Server thread/INFO]: tanyaodora12 lost connection: Server closed
[00:40:32] [Server thread/INFO]: tanyaodora12 left the game
[00:40:32] [Server thread/INFO]: Saving worlds
[00:40:32] [Server thread/INFO]: Saving chunks for level 'ServerLevel[world]'/minecraft:overworld
[00:40:35] [Server thread/INFO]: ThreadedAnvilChunkStorage (world): All chunks are saved
[00:40:35] [Server thread/INFO]: Saving chunks for level 'ServerLevel[world_nether]'/minecraft:the_nether
[00:40:37] [Server thread/INFO]: ThreadedAnvilChunkStorage (DIM-1): All chunks are saved
[00:40:37] [Server thread/INFO]: Saving chunks for level 'ServerLevel[world_the_end]'/minecraft:the_end
[00:40:38] [Server thread/INFO]: ThreadedAnvilChunkStorage (DIM1): All chunks are saved
[00:40:38] [Server thread/INFO]: ThreadedAnvilChunkStorage (world): All chunks are saved
[00:40:38] [Server thread/INFO]: ThreadedAnvilChunkStorage (DIM-1): All chunks are saved
[00:40:38] [Server thread/INFO]: ThreadedAnvilChunkStorage (DIM1): All chunks are saved
[00:40:38] [Server thread/INFO]: Thread RCON Listener stopped
